#Acceptor                DonorH           Donor   Frames         Frac      AvgDist       AvgAng
SER_387@O          ASN_304@HD22     ASN_304@ND2     5755       0.5755       2.8348     154.4809
VAL_388@O           HIS_310@HE2     HIS_310@NE2     4812       0.4812       2.8449     154.6259
HIS_331@O          POM_408@HN16     POM_408@N16     4696       0.4696       2.8671     150.7377
POM_408@O20           TRP_333@H       TRP_333@N     4450       0.4450       2.8886     163.3237
POM_408@O19         HIS_331@HD1     HIS_331@ND1     4259       0.4259       2.8503     150.7877
CYS_389@O           TRP_353@HE1     TRP_353@NE1     3665       0.3665       2.8898     161.7701
POM_408@O13        ASN_304@HD21     ASN_304@ND2     2963       0.2963       2.8898     151.7620
CYS_347@O          ARG_405@HH12     ARG_405@NH1     2086       0.2086       2.8122     153.7332
GLN_278@OE1        ARG_405@HH21     ARG_405@NH2     1318       0.1318       2.8232     151.5409
GLN_343@OE1         HIS_391@HE2     HIS_391@NE2     1125       0.1125       2.8399     151.9900
GLN_278@OE1          ARG_405@HE      ARG_405@NE      938       0.0938       2.8624     149.7506
ARG_405@O          GLN_278@HE22     GLN_278@NE2      919       0.0919       2.8596     153.7832
CYS_347@O          ARG_405@HH22     ARG_405@NH2      917       0.0917       2.8523     147.4988
SER_349@OG           ARG_405@HE      ARG_405@NE      255       0.0255       2.8775     155.2547
SER_349@OG         ARG_405@HH11     ARG_405@NH1      213       0.0213       2.8606     154.4794
VAL_388@O          ASN_304@HD21     ASN_304@ND2      197       0.0197       2.8692     140.8237
CYS_347@O            ARG_405@HE      ARG_405@NE      184       0.0184       2.8759     151.4286
ARG_405@O          GLN_278@HE21     GLN_278@NE2      171       0.0171       2.8486     153.2599
ALA_348@O          ARG_405@HH11     ARG_405@NH1      158       0.0158       2.8439     153.3508
ARG_326@O          ARG_392@HH12     ARG_392@NH1      152       0.0152       2.8470     157.2711
SER_387@OG           TYR_308@HH      TYR_308@OH      149       0.0149       2.8619     161.0216
ARG_405@O             HIS_350@H       HIS_350@N      146       0.0146       2.8911     163.7412
CYS_347@O          ARG_405@HH21     ARG_405@NH2      139       0.0139       2.8410     150.7174
ARG_405@O            SER_349@HG      SER_349@OG      134       0.0134       2.7305     162.9642
GLN_278@OE1        ARG_405@HH11     ARG_405@NH1      133       0.0133       2.8329     157.8845
ARG_326@O          ARG_392@HH22     ARG_392@NH2       87       0.0087       2.8390     145.9799
GLU_330@OE2        POM_408@H102     POM_408@N10       73       0.0073       2.8565     156.5726
GLU_330@OE1        POM_408@H102     POM_408@N10       60       0.0060       2.8734     154.0589
ILE_324@O          ARG_382@HH12     ARG_382@NH1       56       0.0056       2.8465     156.1608
SER_349@OG         ARG_405@HH21     ARG_405@NH2       56       0.0056       2.8679     148.5214
ILE_324@O          ARG_382@HH22     ARG_382@NH2       52       0.0052       2.8454     154.3582
CYS_347@O          ARG_405@HH11     ARG_405@NH1       49       0.0049       2.8496     151.3111
GLU_330@OE1        POM_408@H101     POM_408@N10       49       0.0049       2.8567     156.7535
GLU_330@OE2        POM_408@H101     POM_408@N10       48       0.0048       2.8752     154.5709
GLU_330@OE2        ARG_392@HH22     ARG_392@NH2       44       0.0044       2.8832     155.7180
GLU_330@OE1        ARG_392@HH22     ARG_392@NH2       43       0.0043       2.8763     155.3201
GLU_330@OE2        ARG_392@HH12     ARG_392@NH1       35       0.0035       2.8408     154.8214
ILE_324@O          ARG_392@HH12     ARG_392@NH1       34       0.0034       2.8798     150.4062
GLU_330@OE1        ARG_392@HH12     ARG_392@NH1       32       0.0032       2.8455     155.4777
ALA_348@O          ARG_405@HH21     ARG_405@NH2       31       0.0031       2.8673     147.3578
ALA_348@O            ARG_405@HE      ARG_405@NE       29       0.0029       2.8678     149.6124
GLN_278@OE1        ARG_405@HH12     ARG_405@NH1       24       0.0024       2.8301     150.9647
HIS_404@O          GLN_278@HE22     GLN_278@NE2       24       0.0024       2.8960     161.8928
ALA_348@O           HIS_391@HE2     HIS_391@NE2       22       0.0022       2.8489     157.1702
SER_328@OG         ARG_392@HH22     ARG_392@NH2       21       0.0021       2.8919     151.4385
HIS_391@ND1        GLN_343@HE22     GLN_343@NE2       21       0.0021       2.9230     156.5226
TYR_308@OH           SER_387@HG      SER_387@OG       20       0.0020       2.8683     153.7720
GLN_278@OE1        ARG_405@HH22     ARG_405@NH2       18       0.0018       2.8251     151.8627
ALA_348@O          ARG_405@HH12     ARG_405@NH1       17       0.0017       2.8170     155.7301
SER_349@OG         ARG_405@HH12     ARG_405@NH1       12       0.0012       2.8462     159.0005
GLU_330@OE1        ARG_382@HH12     ARG_382@NH1       12       0.0012       2.8747     157.8362
GLN_343@OE1         HIS_402@HD1     HIS_402@ND1       12       0.0012       2.8876     142.1938
GLU_330@OE2        ARG_382@HH22     ARG_382@NH2       11       0.0011       2.8360     161.6650
GLU_330@OE1        ARG_382@HH22     ARG_382@NH2       10       0.0010       2.8240     154.1944
GLU_330@OE2        ARG_382@HH12     ARG_382@NH1       10       0.0010       2.8836     160.9660
HIS_391@ND1        GLN_343@HE21     GLN_343@NE2       10       0.0010       2.9302     148.5629
GLN_278@O          ARG_405@HH22     ARG_405@NH2        9       0.0009       2.8201     145.2222
PRO_327@O          ARG_392@HH22     ARG_392@NH2        8       0.0008       2.8652     148.7719
SER_328@OG         ARG_392@HH12     ARG_392@NH1        8       0.0008       2.9113     149.3203
ARG_326@O          ARG_392@HH21     ARG_392@NH2        6       0.0006       2.8549     146.6545
SER_328@OG         ARG_392@HH21     ARG_392@NH2        5       0.0005       2.8584     152.1137
GLU_330@OE1        ARG_392@HH21     ARG_392@NH2        5       0.0005       2.8789     157.7601
GLN_343@OE1        ARG_405@HH11     ARG_405@NH1        5       0.0005       2.8803     152.3540
GLU_330@O          POM_408@H101     POM_408@N10        5       0.0005       2.9492     152.3666
ALA_348@O          ARG_405@HH22     ARG_405@NH2        4       0.0004       2.8072     149.3305
ILE_324@O           HIS_391@HE2     HIS_391@NE2        4       0.0004       2.8724     151.2138
HIS_406@O          GLN_278@HE21     GLN_278@NE2        4       0.0004       2.8952     156.3367
GLU_330@O          POM_408@H102     POM_408@N10        3       0.0003       2.8632     146.1924
GLU_330@OE2        ARG_392@HH21     ARG_392@NH2        3       0.0003       2.8861     157.7523
SER_387@OG          HIS_306@HD1     HIS_306@ND1        3       0.0003       2.8952     157.7029
GLN_343@OE1        ARG_405@HH21     ARG_405@NH2        2       0.0002       2.8552     154.6572
GLN_343@NE2         HIS_391@HE2     HIS_391@NE2        2       0.0002       2.8784     142.6421
HIS_406@O          GLN_278@HE22     GLN_278@NE2        2       0.0002       2.8906     154.1038
GLN_343@OE1        ARG_405@HH22     ARG_405@NH2        2       0.0002       2.9435     151.6303
ILE_324@O          ARG_392@HH11     ARG_392@NH1        1       0.0001       2.7406     150.5854
GLN_278@O          ARG_405@HH21     ARG_405@NH2        1       0.0001       2.7987     144.8996
GLN_278@O          ARG_405@HH12     ARG_405@NH1        1       0.0001       2.8109     146.3520
HIS_306@NE2          SER_387@HG      SER_387@OG        1       0.0001       2.8147     157.2699
ILE_324@O          ARG_392@HH21     ARG_392@NH2        1       0.0001       2.8245     167.8780
ALA_342@O           HIS_391@HE2     HIS_391@NE2        1       0.0001       2.8487     154.7452
SER_349@OG         ARG_405@HH22     ARG_405@NH2        1       0.0001       2.8537     140.1254
GLY_325@O          ARG_382@HH22     ARG_382@NH2        1       0.0001       2.8847     151.1169
POM_408@N10        ARG_392@HH12     ARG_392@NH1        1       0.0001       2.9250     163.8225
GLU_330@OE2          ARG_392@HE      ARG_392@NE        1       0.0001       2.9275     162.0529
ILE_324@O          ARG_392@HH22     ARG_392@NH2        1       0.0001       2.9641     155.2155
